Logfile initialized
[INFO] logfile = /Volumes/Documents/+Titanium/Haiclock/build.log
[DEBUG] /Library/Application Support/Titanium/mobilesdk/osx/1.7.0.RC1/android/builder.py simulator Haiclock /Developer_Android/android-sdk /Volumes/Documents/+Titanium/Haiclock com.kantetsu.haiclock 4 HVGA 
[INFO] Building Haiclock for Android ... one moment
[INFO] Titanium SDK version: 1.7.0 (05/15/11 17:26 e6afca8)
[DEBUG] Waiting for device to be ready ...
[TRACE] adb devices returned 1 devices/emulators
[DEBUG] Device connected... (waited 0 seconds)
[DEBUG] waited 0.011381 seconds on emulator to get ready
[DEBUG] com.kantetsu.haiclock installed? True
[INFO] Fastdev server running, deploying in Fastdev mode
[INFO] Copying project resources..
[INFO] Tiapp.xml unchanged, skipping class generation
[DEBUG] Processing Android resource drawables
[DEBUG] found drawable-long-land-hdpi splash screen at /Volumes/Documents/+Titanium/Haiclock/Resources/android/images/res-long-land-hdpi/default.png
[DEBUG] found drawable-long-land-ldpi splash screen at /Volumes/Documents/+Titanium/Haiclock/Resources/android/images/res-long-land-ldpi/default.png
[DEBUG] found drawable-long-port-hdpi splash screen at /Volumes/Documents/+Titanium/Haiclock/Resources/android/images/res-long-port-hdpi/default.png
[DEBUG] found drawable-long-port-ldpi splash screen at /Volumes/Documents/+Titanium/Haiclock/Resources/android/images/res-long-port-ldpi/default.png
[DEBUG] found drawable-notlong-land-hdpi splash screen at /Volumes/Documents/+Titanium/Haiclock/Resources/android/images/res-notlong-land-hdpi/default.png
[DEBUG] found drawable-notlong-land-ldpi splash screen at /Volumes/Documents/+Titanium/Haiclock/Resources/android/images/res-notlong-land-ldpi/default.png
[DEBUG] found drawable-notlong-land-mdpi splash screen at /Volumes/Documents/+Titanium/Haiclock/Resources/android/images/res-notlong-land-mdpi/default.png
[DEBUG] found drawable-notlong-port-hdpi splash screen at /Volumes/Documents/+Titanium/Haiclock/Resources/android/images/res-notlong-port-hdpi/default.png
[DEBUG] found drawable-notlong-port-ldpi splash screen at /Volumes/Documents/+Titanium/Haiclock/Resources/android/images/res-notlong-port-ldpi/default.png
[DEBUG] found drawable-notlong-port-mdpi splash screen at /Volumes/Documents/+Titanium/Haiclock/Resources/android/images/res-notlong-port-mdpi/default.png
[INFO] Waiting for SDCard to become available..
[INFO] Re-launching application ... Haiclock
[INFO] Launching application ... Haiclock
[TRACE] Launch output: Starting: Intent { act=android.intent.action.MAIN cat=[android.intent.category.LAUNCHER] cmp=com.kantetsu.haiclock/.HaiclockActivity }

[DEBUG] signal caught: 15
